[index-2.html]
[backblue.gif]
[fade.gif]
[index.html]
[user/themes/myblog/images/favicon.png]
[system/assets/jquery/jquery-2.x.min.js]
[user/themes/myblog/js/bricklayer.min.js]
[user/themes/myblog/js/scopedQuerySelectorShim.min.js]
[images/7/2/c/9/1/72c9194fabc0d956ac36fffd2f5551b3c2015093-20190718-190244.jpg]
[images/e/a/e/2/9/eae29baa578a3075a85bfbfc9ff73e233b22b606-grav-logo.png]
[images/3/1/c/7/6/31c760ea3467d15302ea7ba33298b900f73812fb-img20190725172121.jpg]
[tag_sailing.html]
[tag_kayaking.html]
[new-kayak-sailing-rig.html]
[website-revamp.html]
[images/5/4/4/5/1/5445130046f7e5610a6c1b412333247642145338-img20190725171932.jpg]
[tag_IT.html]
[disaster-recovery.html]
[images/a/b/7/2/8/ab728c59024a00e78cc89e4313aaee2426f20d64-img20190726145823.jpg]
[disaster.html]
[images/a/7/8/4/9/a7849d978fc5e7ea6d4f995e8836955dc35050ef-screenshot20190702223414.png]
[python-udev-rules.html]
[val-disere.html]
[images/a/3/6/1/a/a361abd3a596413fae629d427db2321f2132278f-screenshot20190725174152.png]
[tag_skiing.html]
[a-personal-portal.html]
[images/0/9/9/9/1/0999151dfaafce4d2975ad3c973a26a9d272a66a-screenshot20190630234341.png]
[kayak-sailing-burnham-on-crouch.html]
[images/e/5/1/2/d/e512deb965390491c9c39039dd009322cac7814f-screenshot20190702171153.png]
[sailing-in-corfu.html]
[images/4/a/e/9/1/4ae9181d3493c9172821004df9cb508546f2587e-screenshot2019-07-26-portainer.png]
[improved-docker-interface.html]
[images/5/d/c/1/7/5dc17d987911871d121a4023a568414f3517ae4a-20180728-174734991402.jpg]
[kayak-sailing-isle-of-wight.html]
[images/5/d/1/a/b/5d1ab6df24ec7178204d07b2baa9e90e7634dc84-tl-mr3020.jpg]
[custom-router-firmware.html]
[images/3/5/3/e/a/353ea93c4b10c13d197c32cfe7fd404795c81c12-20180722-204929550875.jpg]
[images/c/b/1/3/5/cb135f0cf1d9a737a72491dc005357c1afe76f31-20180720-180955881583.jpg]
[kayak-sailing-maldon.html]
[images/b/a/7/3/0/ba73028f89554ef137c92386f51b3d8af4e23f45-screenshot2019-07-26-tomatousb-advanced-dhcp-dns.png]
[building-a-kayak-sailing-rig.html]
[images/3/0/c/2/b/30c2b59092b40b84461598425f6fa8076371f878-20180617-180252418050.jpg]
[reverse-proxying-containers.html]
[images/a/8/6/4/4/a864451cf64ba71b2ba5b4a2a6d3f0ceaaef910c-screenshot20190704001238.png]
[kayaking-royal-docks.html]
[images/d/2/c/6/9/d2c691cc9797cf9e2b261d5d36fb48152e451065-20180226-150545833235.jpg]
[better-code-management.html]
[images/1/9/7/0/6/197068e1f1b41d8acf35b857db960905eaa0908b-screenshot20190703235157.png]
[whistler-canada.html]
[images/a/f/4/0/3/af403271e172c7fef7b92af13ed70fc86b08bbe4-20170918-145208113062.jpg]
[synology-migration.html]
[images/3/c/7/4/a/3c74a3e2545892faabdbddf58dadb3a4a432246f-20170708-124144.jpg]
[solo-through-the-alps.html]
[images/e/5/3/d/8/e53d85eab2e00c4f6796cb470e0d182930bccf21-20170503-121124201148.jpg]
[sailing-the-solent.html]
[tag_motorcycling.html]
[images/0/5/7/c/0/057c0f72dc6869f921dc74f03fe74aaeddfbd223-20160314-190633261394.jpg]
[techcrunch-disrupt-london-2017.html]
[images/2/e/b/e/a/2ebea0c3eb7c0fd69366ac962be0f5080f14633f-20160825-161933441991.jpg]
[tag_conference.html]
[skiing-courchevel.html]
[images/9/c/2/1/b/9c21bd96fa6743d79fdc8a0a6e14c806098b5e1d-cisco-spa112-2port-phone-adapter.jpg]
[into-the-arctic-circle-norway.html]
[images/0/4/e/a/0/04ea01fd1cd5c945fad8351e5e6bb37f447fe8e1-20190630-204154.jpg]
[replacing-land-line-with-voip.html]
[images/0/6/d/e/9/06de9b3f8c274d85f1ffbd0e06190eca37955f67-20160716-111123226685.jpg]
[images/6/f/7/6/b/6f76b2d7df02cdb7bbe4a43bc8da5f2aaf167d71-20160713-190203660687.jpg]
[3d-printed-backpack-lacing-router.html]
[tag_3dprinting.html]
[tuscany-and-back-in-a-weekend-by-bike.html]
[images/3/d/2/6/4/3d2644051bab1995c7fcfc13a597876089eddad7-20160603-105911540319.jpg]
[sometimes-you-just-cant-decide-whether-to-scoot-or-to-cycle.html]
[images/c/e/e/0/e/cee0ed62a1fc5dcd44a96e800240c9eb0926a24b-20151202-200938007398.jpg]
[tag_scooting.html]
[tag_cycling.html]
[strida-folding-bicycle.html]
[images/5/d/5/8/0/5d58055de29b8a277eea45bd816def4f1987be38-20160424-224840067030.jpg]
[3d-printed-laptop-stand.html]
[images/8/9/6/b/3/896b3eeddab41d849e2458f73a5e08df5ac52916-screenshot20190630224213.png]
[satnav-and-lights-for-the-bicycle.html]
[cukeup-conference-london.html]
[images/9/d/5/4/0/9d540ae0cd6b6d6572604fe65f1daafc41e5ab46-img20190727152116.jpg]
[tag_datascience.html]
[security-on-the-road.html]
[tag_bigdata.html]
[images/c/3/e/0/6/c3e060c2455a9e8b45bc057b5d7e35170c1188dd-20160201-071309574374.jpg]
[images/3/7/4/5/c/3745c9ea61cf59b5eee325aacc87b98cbf0a5a4a-20151207-161552001778.jpg]
[back-on-the-snow.html]
[images/8/6/e/d/6/86ed6bff69febef92268cc8c2c418a0e28d10b60-20150810-212243.jpg]
[techcrunch-disrupt-london.html]
[images/d/6/a/3/0/d6a303a78e6ceec50ed6da6f90d95c3358e994f3-20150719-205454704326.jpg]
[motorcycle-tour-wales.html]
[images/6/0/3/6/c/6036c58fd355d0f3d062ddf2ed4de4766ea33d2e-screenshot2019-07-26-tomatousb-status-overview.png]
[50-shades-of-chrome.html]
[images/8/7/e/1/f/87e1f99c1105b602b89489f5edf17307d00e2c65-20150308-131847.jpg]
[tomato-router.html]
[images/0/a/1/4/f/0a14ffb65615c8750ac3559c6fb789886252ad87-stilts.png]
[skiing-in-saalbach.html]
[images/e/3/b/1/b/e3b1b6c013585106c74e1abc358d79dbb35119da-bracket.png]
[3d-printed-coffee-stand.html]
[images/9/0/d/8/8/90d88d6a35947d231fa52dda7f16edd82da0b4ba-20140721-124614.jpg]
[images/8/1/5/7/6/81576516c492bcd1e88bcd2f3e2a4908966fda62-20140627-125516.jpg]
[3d-printed-window-latch-spacers.html]
[motorcycle-tour-scotland.html]
[images/8/a/3/d/a/8a3da6616ee13800f0dbb27d632f3158e391ee80-20140513-014716.jpg]
[3d-printed-camera-mount.html]
[images/1/6/7/1/1/167112a009895ad6a476c9bddbb034aefe9ef7fb-20140220-171054.jpg]
[tag_photography.html]
[digiscoping.html]
[images/4/1/d/9/9/41d996853d5be61e462e3b2656162ad61f420f26-20130922-120025.jpg]
[che-bella-dolomiti.html]
[images/1/3/b/f/d/13bfd5421e98161058ad04e2c8f2a5145dfe6db1-20130521-161140.jpg]
[rome-by-bike.html]
[images/3/5/6/f/9/356f9783f25a6216a2afaad7dae919b0d14dcc9d-20130212-113140.jpg]
[testing-the-triumph-sprint-gt-1050.html]
[images/0/1/a/c/1/01ac17ca4817ec9e1a8f3be491dfe298adab9d81-20121208-215527.jpg]
[back-to-val-gardena.html]
[images/a/4/0/4/b/a404b9c386a089535732f4b3709be52848cc3a1e-20120523-185436.jpg]
[stripping-down-the-old-servers.html]
[images/d/4/c/c/b/d4ccb34d2586fceac19e0c071bc4927e44ddcbfc-20120311-164419.jpg]
[kx-at-the-k-club.html]
[images/8/1/9/1/1/819118a6de0b9da672d160ba17fc967aa3530c4d-screenshot20190701222358.png]
[tag_KDB.html]
[skiing-in-yllas-finland.html]
[biking-in-the-snow.html]
[images/c/0/8/3/7/c083706e40208f5ced8b46ac81ea8c9f1510a0cc-screenshot20190701163600.png]
[converting-the-mountain-bike-to-slicks.html]
[images/9/8/9/6/3/98963f9c1730b4e2f15c6f8bec4fef3dc4dfdd26-20100710-194853.jpg]
[failing-to-parachute-in-a-good-way.html]
[images/9/a/6/9/b/9a69ba1b2097b9f1763c9c0797d03b64a1aced29-20100417-194237.jpg]
[index-2.html]
[tag_parachuting.html]
[bye-bye-cbr-hello-848.html]
[images/1/c/2/0/a/1c20a1415c3b04e28ccdd2d4583206dc9cc9efbc-vlcsnap-2019-07-27-23h46m44s008.png]
[images/1/8/f/2/9/18f29d54ab9a694c1054c2ac22541b410dc57dd4-vlcsnap-2019-07-27-23h42m50s587.png]
[images/0/c/3/9/3/0c3934a62261583ab3590fd10c50ef0216cfa802-vlcsnap-2019-07-27-23h30m05s927.png]
[images/3/2/d/d/1/32dd16b5ebdec1aa873e1475c90fdd3423d461b9-vlcsnap-2019-07-27-23h32m47s218.png]
[new-kayak-sailing-rig.html]
[tag_kayaking.html]
[tag_sailing.html]
[website-revamp.html]
[tag_IT.html]
[images/5/7/b/e/8/57be8562cb7eb645739d8921203b4988bee62eed-20190718-190244.jpg]
[disaster-recovery.html]
[images/4/c/f/1/8/4cf18e007e500a12410e96480e08a6552142ea70-img20190725172121.jpg]
[disaster.html]
[images/b/e/5/4/6/be546570206d2a606daec5a90c7d727a7c12aebd-img20190725171932.jpg]
[python-udev-rules.html]
[images/e/3/c/6/f/e3c6fc0f4ead0e648ac067e20dc6bc6a0dc83b96-wacom-notice.png]
[images/8/1/1/c/b/811cb25b57bed3d2ea08b1ebbe68ef43b4b87d31-screenshot20190702222342.png]
[images/3/e/d/8/c/3ed8c3d62221f73b7ff04ed1dbdb7897eef843c7-20190307-143131698656.jpg]
[val-disere.html]
[tag_skiing.html]
[images/c/5/2/6/7/c526739d6282bee21dbfa98d95306caf1e268489-20190307-162319192531.jpg]
[images/3/d/4/2/6/3d42640772f2612f4b3a2fe1798ccaeb36fafd64-screenshot2019-07-25-launchbot--your-personal-startpage.png]
[a-personal-portal.html]
[images/d/3/0/3/b/d303b1b08d81f1ffe1e18a01205c442d4f8a90aa-screenshot20190725174152.png]
[images/b/3/6/7/d/b367d14dcc01fbb3a5e9587b288a8d77cd9c8a1d-screenshot20190630234341.png]
[images/2/5/5/8/a/2558a93c7c2c6cbc5d42bb4eb92fcbba85e308ad-screenshot20190630234741.png]
[kayak-sailing-burnham-on-crouch.html]
[images/1/c/3/4/d/1c34dae3f51bf4280e9b4f7aac8f8120823d549f-screenshot20190630234820.png]
[images/4/4/d/1/6/44d1689c393fa6e83874ad70e013e5c8f5f5d420-20180826-142256397712.jpg]
[images/1/8/3/e/1/183e1a778a11431cf4061122e7d5c794ac1f14d7-20180827-134103108384.jpg]
[images/f/7/f/2/8/f7f2823ffbabb5f4ec1836aa0bd5ddcc935586f6-screenshot20190702170845.png]
[images/f/b/b/c/f/fbbcf3139125fd901cf457ea6b6a3cb1448edc8a-screenshot20190702170955.png]
[images/b/d/4/a/8/bd4a84abaf0b08f5e2e52c68b2b6a87982e8a41b-20180829-200604618811.jpg]
[sailing-in-corfu.html]
[images/3/0/4/b/6/304b6218e3560bd149684da07411bb7cf4755112-screenshot20190702171153.png]
[improved-docker-interface.html]
[images/b/6/e/8/6/b6e86635047832c722c1e436a6d355e69cde5fc4-screenshot2019-07-26-portainer.png]
[images/1/4/f/e/f/14fef7b23177d7f3db77df82f8e4a081015dee96-20180722-163847136285.jpg]
[images/2/6/b/2/4/26b24ea4d7aaecd242bb60433745f2ed9317c9ca-20180728-165643512779.jpg]
[kayak-sailing-isle-of-wight.html]
[images/a/f/6/b/4/af6b4c7daa29bf3dd8b47533a287d846197c5935-20180728-174734991402.jpg]
[custom-router-firmware.html]
[images/e/a/9/5/1/ea951bf63422423c038560ae2c0813f460f2dad0-screenshot2019-07-27-lede---overview---luci.png]
[images/3/b/5/5/8/3b5584b3102da782d716cb5281303c9113f0b6fb-20180722-204929550875.jpg]
[kayak-sailing-maldon.html]
[images/f/4/d/a/f/f4daff4823d75964963ba5d5c9f82ec4fae27003-20180722-204556732630.jpg]
[images/7/9/a/c/a/79aca5489172dded8767c3a682a12e1763e5b22c-20180602-201412610030.jpg]
[images/d/4/2/0/d/d420d674a6486ab795c15c76fd131d86b6ea8b59-20180602-201514658320.jpg]
[images/f/0/0/b/6/f00b63155db07871a91d3c4a0cd495d2cc7520d3-20180602-201750511913.jpg]
[images/8/1/9/3/b/8193b7fbbe50c1cbff62db9e25770108c107c055-20180616-204724382314.jpg]
[images/a/8/9/4/a/a894a2d58d27ca62fa429b65933437823b01a1e8-20180720-180955881583.jpg]
[images/3/1/9/1/7/31917a2ea651586a5d682db86e200f0df404bd6e-20180720-181013858977.jpg]
[images/9/e/0/1/0/9e0106868e94585a74e39d097d598ba1e190dd62-20180720-232143580971.jpg]
[images/1/2/3/8/2/12382ede19442ab9eb9965949672b86f09738fa2-20180721-162300444170.jpg]
[images/2/d/0/e/3/2d0e3e28cc03d4a731b8e57f86844ed6218647a8-20180724-211320318158.jpg]
[images/c/5/5/8/e/c558e3eb901fb42ce41f0172809fb0f38d81d736-20180722-154141055378.jpg]
[building-a-kayak-sailing-rig.html]
[images/b/a/9/2/f/ba92fe8c244132204afb140612dc1512aeb56c7d-screenshot2019-07-26-tomatousb-advanced-dhcp-dns.png]
[reverse-proxying-containers.html]
[images/6/6/c/d/e/66cde3eb0cd11e0fb1bb446da907d9056d0a594e-20180617-181014765364.jpg]
[images/c/7/3/b/c/c73bce09c280ee8f336fcc7ee43f7367f8049e5b-20180617-180252418050.jpg]
[images/3/8/d/c/8/38dc846ae1f26247b03e239819ce3510fe174ed5-20180617-185354460246.jpg]
[kayaking-royal-docks.html]
[images/2/1/5/9/2/21592852a3ccb768868ce5aff23893c7bfd3b70b-screenshot20190704001130.png]
[better-code-management.html]
[images/8/e/4/4/a/8e44a8d90bfcc7eeb0965abbfc223ff0cd15692a-20180226-150545833235.jpg]
[images/1/c/e/c/3/1cec3e0869711cd654cdd7e84702cc5816d89eb9-screenshot20190702220402.png]
[whistler-canada.html]
[synology-migration.html]
[images/d/3/f/2/8/d3f28ff017dbc38516a4fb7d82b166dfe4a47940-screenshot20190703235157.png]
[images/2/3/4/6/b/2346b93d4bbf0f417beab9433c2a8e65573fa8ea-20170915-202148945710.jpg]
[images/2/0/4/4/9/20449c5ac71d5bb63de59244b3318d3b2c22a381-20170918-145208113062.jpg]
[images/1/e/1/5/f/1e15f23196e542e36ff352ad0042cb3306b9f3d9-20170918-230632683384.jpg]
[images/e/3/1/6/4/e3164e9e8a7b9a6cd2741cf856965eb916e6fb9d-20170919-194538619808.jpg]
[images/d/8/2/7/b/d827b8e73975c82fcff539d3e153379d8868b1e8-20170921-105456986348.jpg]
[images/2/6/f/6/f/26f6fdfcf8c7e05059c0625633a638d4608bde34-20170921-134612170705.jpg]
[images/a/f/b/e/b/afbeb5dd97ead92f0839d554cac6a7fb0a8452c5-20170921-142310003869.jpg]
[images/5/4/d/5/1/54d51d832297033b5ecac175a1cf14ef84ee1675-20170921-163831253560.jpg]
[solo-through-the-alps.html]
[tag_motorcycling.html]
[images/5/5/4/1/0/5541024334fc8fffd0b37467ae73dcc63c92a7cb-20170708-124144.jpg]
[images/0/b/9/a/0/0b9a01e372867a0fb25cd0d85a02ccb55ca70ca1-20170708-134837293751.jpg]
[images/c/c/3/1/4/cc314e1c36d342342e66d9720cd0188e545bf7c5-20170708-204912482137.jpg]
[images/b/1/c/7/7/b1c7791987fc40083369abd2ce1606d72e9b6010-20170708-211422591958.jpg]
[images/e/7/1/2/7/e71273ec2269dbbebabb03957424f8f0a6dc042d-20170708-212435546855.jpg]
[sailing-the-solent.html]
[images/9/3/b/4/b/93b4bcd9f678fe2c69f9443f16e2eac9cc1af9ce-20170503-144246011860.jpg]
[images/2/2/e/3/6/22e36ebffc3b517990bc9ed2aa4c3a285528051d-20170503-121124201148.jpg]
[images/0/f/e/1/a/0fe1aa06ce1dcf4d5e99ad6670cdbad2bffd2230-20170503-121221699245.jpg]
[techcrunch-disrupt-london-2017.html]
[tag_conference.html]
[images/b/7/f/a/d/b7fad48c981b99e4a4b99afa7ae5b16a4b9096e8-20160314-190633261394.jpg]
[images/6/d/4/6/4/6d464c3299b04bcd00cc0063f3a997faf6563f1c-20160318-151038601084.jpg]
[images/c/b/4/2/2/cb42297e0dc1d09ed25e64a568999338cedde5fa-20160318-151526114796.jpg]
[images/5/6/0/4/3/560435878b16999f9290433cf5d79ae182bd7e98-20160318-153834091249.jpg]
[images/a/5/9/f/e/a59fe2b62f6ef9830c89ffe17a1ee6bf4dbfba09-20160318-155124509698.jpg]
[skiing-courchevel.html]
[images/2/0/9/1/2/2091290e4e14b528db7c4340abfd7f8f5e93fbfc-screenshot20190701223644.png]
[images/f/0/1/3/e/f013e9631e6b7280dfc8fad55ca0613766f52e56-20160819-202002692489.jpg]
[images/f/e/e/2/f/fee2f2f6985f6d51fb1864e2f720836037943f5e-20160820-132645238211.jpg]
[images/1/2/b/1/0/12b10c8bf4ba4d8e1e06feefea9b3b2b2a3a4138-screenshot20190701225807.png]
[images/d/b/c/d/d/dbcdd4ef4a7a26839d6dc6e831461ce9aa20216a-20160824-140855787832.jpg]
[images/a/d/3/2/1/ad321929f62bec222b3feef4d50a05280e6b467b-20160824-145928256289.jpg]
[images/0/3/d/4/1/03d4154025da2da4245f07e1424dc545498fa945-20160824-210339006773.jpg]
[images/c/5/6/e/4/c56e4d21aaf70b90a26346a83ec75d526cf91326-screenshot20190701224243.png]
[images/9/7/8/b/4/978b48dbad3e7fde0638cda575b72b73b123794e-20160825-161933441991.jpg]
[images/a/7/7/d/9/a77d97af3e79b53f1873dac0799a8403af2989f7-20160825-202550525661.jpg]
[images/2/c/e/8/a/2ce8ab6d646296b53caeece6f8b776331e8d78ae-20160826-163426953888.jpg]
[images/7/a/6/a/2/7a6a2afc97bf96890db51fd79032551ebd73296c-20160826-173854714827.jpg]
[images/2/f/a/5/7/2fa57d10f2a32c614a355fbfd9e0184abe462c62-20160826-215129557049.jpg]
[images/d/4/6/3/f/d463f2df646ca89aa2ebaaec2c8bc75535a09cd0-20160827-120245887825.jpg]
[images/1/c/1/0/1/1c101e56a83bdae0235367d721a595b08c0b75ca-20160827-172903484829.jpg]
[images/0/1/8/a/d/018ad61e61fa9c2038968ba488feda9e9938614d-20160827-192824101469.jpg]
[images/1/7/2/3/5/17235a3430981a166ba42a3cf7b9beb57afc057b-20160827-194946173620.jpg]
[images/6/4/f/d/b/64fdb22c20f284b86821b3c58fe584d8e45b14c3-20160831-144517332334.jpg]
[into-the-arctic-circle-norway.html]
[images/5/7/b/1/5/57b15a9d6428a5be529d613c7bcf7315361da538-cisco-spa112-2port-phone-adapter.jpg]
[replacing-land-line-with-voip.html]
[images/2/2/a/6/4/22a64f9e8e5aa79fd33f9432e18b4ef41f719a23-20190630-204154.jpg]
[images/b/c/1/4/0/bc1406ceb01c79eabdc1e3bc913dba43c69055fa-backpack.png]
[images/d/4/d/8/c/d4d8c49dddbb74d6d967354826937217bcc85644-20190630-204223.jpg]
[3d-printed-backpack-lacing-router.html]
[tag_3dprinting.html]
[images/7/f/6/e/d/7f6ed14c2c590f942e3c045f33668c9ef74b9449-20160714-201017589845.jpg]
[images/f/8/3/8/d/f838d542d86849e2727cc0a9522b8e4567a1e629-20160716-111123226685.jpg]
[images/1/7/1/a/2/171a2e5e0422695b808c781ece6ddb57f664d90f-20160715-132248000555.jpg]
[images/a/9/6/0/d/a960d0773d0ecedf7c615cf43988dadec59be2d7-20160716-111056359972.jpg]
[images/f/b/5/c/a/fb5caaed4c4a67986d0f5094441d1a005db92810-20160716-183252354620.jpg]
[images/c/0/2/f/f/c02ffd5b882163e77ff6586af444cfea3a6f082d-20160716-193358108567.jpg]
[images/b/2/d/3/0/b2d30169397482b7205a0bfbd0c4d86203b52de8-20160716-210111800551.jpg]
[images/7/7/f/f/e/77ffe491c7f020411f74d7361a202115292cd03a-20160717-202557573005.jpg]
[images/5/2/e/d/0/52ed046e05156d95b08d57d49384a63e8bf93884-20160721-203202576433.jpg]
[tuscany-and-back-in-a-weekend-by-bike.html]
[images/0/4/7/e/b/047ebd32edd12bb2bb4053149cb3169f061b061d-20160713-190203660687.jpg]
[sometimes-you-just-cant-decide-whether-to-scoot-or-to-cycle.html]
[tag_cycling.html]
[tag_scooting.html]
[images/e/c/e/1/c/ece1c8f054bf4311f32606a247e2ed0b58ddabc2-20160603-105911540319.jpg]
[images/5/2/f/8/0/52f802bcf0aca8a0f8dec7c80b46a2af77928175-screenshot20190702175414.png]
[strida-folding-bicycle.html]
[images/8/5/8/4/e/8584e01f24c3ef5d16a9fcb6bb6f5994895bfcad-20170601-185105605961.jpg]
[3d-printed-laptop-stand.html]
[images/b/c/5/0/7/bc5071f82f8d89cb5898a01f029ac790fb2b3292-20151202-200938007398.jpg]
[images/6/e/5/b/0/6e5b00f0398eb8ad60df6eb58f3daa1cccc5e8cc-20160424-224840067030.jpg]
[images/3/7/f/7/0/37f704bf47bc50e03238bf6308e6f4ee68928ff1-20160424-183145270448.jpg]
[satnav-and-lights-for-the-bicycle.html]
[images/1/1/3/c/e/113ce4f1c41fdc2fc65878e72e96cf96f927dffb-20160423-195326665086.jpg]
[images/0/0/6/2/b/0062b23df6c2448119cf83a97e706bf09e3c0c72-20160413-194138035145.jpg]
[images/1/4/d/b/9/14db9448e10af80a81f011f221b40e94e14ab8ec-20160413-193541682610.jpg]
[cukeup-conference-london.html]
[images/e/c/0/0/5/ec005ca93ecd1f3d5d8b193e6a4991c5bd943539-20160413-194055139435.jpg]
[tag_datascience.html]
[tag_bigdata.html]
[images/3/f/7/0/7/3f707a67ad84a721bde3bf3d6fccf5d66ad490a3-img20190727152116.jpg]
[security-on-the-road.html]
[images/b/2/7/b/0/b27b07ebf599a4f8b480aaf0fbcb5e50edc46f3e-20160201-071309574374.jpg]
[images/f/0/d/5/8/f0d588fdce815f0412473634dc91652744cea603-20160201-134043269542.jpg]
[back-on-the-snow.html]
[images/b/2/f/4/1/b2f41f233ec660787c1297194c86d404d407f346-20151207-161552001778.jpg]
[images/f/e/5/1/d/fe51d7908d66f707a57ec4c82781bd2d34a5c354-20151207-160631760897.jpg]
[techcrunch-disrupt-london.html]
[images/e/a/8/e/d/ea8ed1b913d75db9d26b607946b42a73c1ddffae-20150802-132753027736.jpg]
[images/6/f/7/4/e/6f74e03a05130f6d562d0dfeab2127f977754029-20150802-162536915291.jpg]
[images/9/4/3/1/1/94311676014444749417a2fe662a0efc5f548cbb-20150803-194700.jpg]
[images/7/c/d/c/9/7cdc9d62302f3af70fe711b885e31be8bb21e908-20150810-212243.jpg]
[images/9/3/7/e/f/937eff2f60664ea923bcc435b4566d4634301134-20150804-134851.jpg]
[images/d/4/2/5/3/d4253f77b69c07798de41ce09bc0ee9e1d3cb46e-20150810-212323.jpg]
[images/2/2/c/1/e/22c1e2df92b9c4d78d42cdd6018638c2082bb8d6-20150806-135807.jpg]
[images/6/c/6/b/5/6c6b504a58fa5bb4dc160748b90573a4b8436228-20150806-161023183637.jpg]
[images/d/f/c/d/9/dfcd9e21f239b32b2fa5761b90a78ff6f19c5e05-20150807-120851.jpg]
[images/4/0/1/4/d/4014dd1b3283f75c6c6263a4ce3fb4f06b33981e-20150807-121406.jpg]
[images/e/c/c/6/3/ecc63c047ed99baa53e3bc5cbaa35f6d92538900-20150810-212503.jpg]
[images/0/f/8/5/8/0f8583b2e77b5526c31c75a4e67939101b9f3b8a-20150808-150602-4.jpg]
[images/3/a/f/9/e/3af9eb4526fe1fea47f633b4475093117e00246d-20150808-143340.jpg]
[images/8/b/7/9/f/8b79f7e2524f195367b7cb11b1ccf73fc7c37f8e-20150809-082311272537.jpg]
[motorcycle-tour-wales.html]
[images/a/e/9/9/5/ae995786c7cdbf8e9363dab553b7a487595a5f54-20150719-205454704326.jpg]
[50-shades-of-chrome.html]
[images/1/0/2/3/8/102381751e190d46fb5530887f45db1cdbb44daf-screenshot2019-07-26-tomatousb-status-overview.png]
[tomato-router.html]
[images/d/c/f/e/9/dcfe947199b19041f7678c45246f91c32d0af775-20150308-131847.jpg]
[images/c/b/9/d/2/cb9d2656caa00baff1d63c97a08758a816ca6510-20150309-132722.jpg]
[images/e/9/1/6/6/e91665211d8d09fce6a76dbeb14876877594033b-20150310-120129.jpg]
[images/6/b/c/f/8/6bcf8e680664f309f2c76200a4361f8c2c39cc86-20150310-141721.jpg]
[images/c/6/9/d/3/c69d321923af3d3ac610f8a74054bf121c75e3cf-20150312-180420-2.jpg]
[images/5/2/6/2/e/5262e9394c64bf46c0fc205bd8b536294f68ef42-20150313-111913.jpg]
[images/1/2/0/3/1/12031a9298169ada5e68fdb35b7fdc113cc0c259-20150313-155041.jpg]
[images/0/8/a/b/4/08ab4e0019440fa4bbbf001afac20a4091267e88-20150315-142113-2.jpg]
[skiing-in-saalbach.html]
[images/e/0/1/1/e/e011e6f0c0f3b7cbe64ae2da95aa79873cd7b131-stilts.png]
[images/4/5/a/6/d/45a6da1a2177c307e3c7c38a6eb77a49ee54a017-20190630-203319.jpg]
[images/f/5/d/1/a/f5d1a0e2fbaad6ad6022629959d6ba15addfe32e-20190630-203350.jpg]
[images/b/d/4/c/c/bd4cc5c45d289f09ab26f04a22b501828ce327d0-20190630-203750.jpg]
[3d-printed-coffee-stand.html]
[images/d/c/c/4/1/dcc4198ab4db053901a073cab75e04528dd0562f-bracket.png]
[images/b/b/f/1/8/bbf184fcd5792f81ffa5861965e9c4f3234725b8-20190630-203842.jpg]
[images/8/e/3/5/d/8e35d34b32b10da6023728d318917c62e907cb8b-20190630-204034.jpg]
[3d-printed-window-latch-spacers.html]
[images/f/d/4/d/2/fd4d231378023d95911662757642a5331f48edd9-20140720-130316.jpg]
[images/f/b/8/a/d/fb8ad1437d15bdd215b32580543e83fe8733fc69-20140720-213106.jpg]
[images/3/a/5/0/8/3a50859e37a182811c39a37acaac17de8914c75d-20140721-124614.jpg]
[images/e/a/7/3/7/ea737a1f47e5c30a7416798f883cd12262483c80-20140721-194139.jpg]
[images/5/2/b/3/b/52b3b65acdbc2fb915df9b94f0355ac685de6f89-20140721-153600.jpg]
[images/d/d/8/3/6/dd836290da2311df0cf487549bf63cc69660f9a3-20140722-204617.jpg]
[images/6/c/d/3/6/6cd3626260cc5c99d4345320b967b9e7afcb1729-20140725-133739.jpg]
[images/3/e/2/1/2/3e212eb96df50d7c34a32bd14be5a5baea5fb320-20140725-141621.jpg]
[images/b/4/3/5/3/b43539ea707f2b096ee0e1ceb961e687aba63575-20140725-165655.jpg]
[images/4/f/1/9/9/4f19956a5d0ab8c52311907de2dd011c43481d66-20140725-193531.jpg]
[images/8/f/0/0/2/8f0020b3179a3b4fd47281a9201437feb65461b3-20140725-195407.jpg]
[images/2/e/4/9/a/2e49aab3406234640ae0dab7f1f199a00d767ce6-20140727-204721.jpg]
[motorcycle-tour-scotland.html]
[images/3/f/0/c/4/3f0c44d541eed3d3bfadb40cdd1c1d92fb777e60-stl.png]
[images/b/f/3/8/2/bf38260eb0f49d02dced462f10ca4557e38b47d7-20140627-130446.jpg]
[images/0/a/9/b/f/0a9bf45fa704176076186e54f7593b1863d3baba-20140627-130625.jpg]
[images/f/e/1/0/5/fe1058742f5baf5141a39f0b27d095cb42879f05-20140627-145420.jpg]
[images/5/d/a/1/6/5da1694c41056415e311d2ef5114e4cb7c363c09-20140627-125516.jpg]
[images/2/6/4/b/9/264b9dd8e5ad3494d28a27ba0edbfdb02dc4dddd-20140627-125541.jpg]
[3d-printed-camera-mount.html]
[tag_photography.html]
[images/b/7/1/4/6/b71460fef3d0a726862c6f121afcbd7a51757424-screenshot20190701173742.png]
[images/3/7/f/0/0/37f00cb2acd4a7ee3ecf66ef80839cc2c19b1382-20140430-114808.jpg]
[images/4/f/2/7/e/4f27e7902ea98ee08b7e9fe6a0c4d1cbffcc44c6-20140429-002028.jpg]
[images/e/7/4/7/0/e7470e73e01946aa62c25405b52a3b32c019c7be-20140430-121612.jpg]
[images/f/7/d/3/e/f7d3e0a194cceb801b3997a62655f41f38b2c231-20140504-194636.jpg]
[images/3/5/a/1/b/35a1bf306f0ccca91b7888e3e4ab3abc089b8ed6-20140513-014716.jpg]
[images/a/d/6/9/4/ad694f131cb28a90b3ed265f98cce6dd84b0da8f-20140526-145129.jpg]
[images/1/e/e/0/6/1ee061af881dd146385ceeec641ea70ede541fda-20140526-152509.jpg]
[digiscoping.html]
[images/8/0/8/2/3/80823d0485b30891d257296fa333dad885ece369-20140220-171054.jpg]
[che-bella-dolomiti.html]
[images/2/3/e/9/c/23e9c40ab142f30a97eb89bfda74f01009ae706d-20130823-163033.jpg]
[images/1/1/d/4/c/11d4c190f5e8b32e574559a4957d1b783456b5a4-20130922-120025.jpg]
[images/a/7/c/6/9/a7c699e8b7f91a3bd16162cac42a0351d4b13c67-20130922-130222.jpg]
[images/d/1/3/8/3/d1383b25588bb46d4c81f1a7132458144157155f-20130930-084936.jpg]
[images/0/1/8/0/3/01803306e54d40d0000d859189caf7891ebed38d-20130930-145425.jpg]
[rome-by-bike.html]
[images/e/4/9/4/c/e494c06a3926cd52baacbf453b4a953c5573aad6-20130521-161140.jpg]
[images/4/3/8/d/7/438d7ec9f1632080fcee44d4f86386524f29d1a2-20130521-161150.jpg]
[images/2/3/2/3/a/2323a1d8481de227df5324448bc79caf7fa11ffb-20130521-161204.jpg]
[testing-the-triumph-sprint-gt-1050.html]
[images/a/6/5/6/1/a656174b9c3a2070382d3519525b2d1424ca53db-20130212-113140.jpg]
[images/4/b/2/5/2/4b252dfb6a3ce55b9184813867d7b3cf5b441960-20130212-114155.jpg]
[images/6/2/a/2/4/62a243c97696220732cfedb507beaff1cca320e9-20130212-170314.jpg]
[images/d/0/5/b/a/d05ba0cf18f5d22cf762a091bb99036df66e2f3f-20130213-113620.jpg]
[images/b/5/e/a/d/b5ead0bfb608ef1a676e98f2a833e248eebff1d0-20130213-174217.jpg]
[back-to-val-gardena.html]
[images/8/e/2/3/b/8e23b6780959f07d3d7e09b73cf67dd81acab32f-20121208-215527.jpg]
[stripping-down-the-old-servers.html]
[images/6/b/c/f/2/6bcf21f590cf2712888772a7b8d146aa80507e97-20120523-185436.jpg]
[images/b/e/3/b/7/be3b7fef0380e682a160ff5a1cd1f8e2b3c6b2fa-20120525-111944.jpg]
[kx-at-the-k-club.html]
[tag_KDB.html]
[images/e/b/c/9/2/ebc92d19867d7143185d8aa9253eb9e45f5ba818-20120311-164419.jpg]
[images/d/2/c/e/5/d2ce528aef0404319ffb620bff7f96f2f2f53a9e-20120317-113328.jpg]
[images/4/4/6/1/1/4461161e267619ac3942ee240593c978aa63c934-20120317-120856.jpg]
[skiing-in-yllas-finland.html]
[images/c/b/a/7/2/cba72227c544cb0a48efc54793a60b7ed55f09f3-screenshot20190701222358.png]
[biking-in-the-snow.html]
[images/3/7/a/9/9/37a9944da11c74b7dce81b1ce9cc17c90ee3a1da-20110924-130120.jpg]
[converting-the-mountain-bike-to-slicks.html]
[images/a/e/e/6/a/aee6a2928611fd0d2022f4ae4bb7d01f6a1dfafd-20110924-130030.jpg]
[images/a/a/c/6/e/aac6ebc726dd50579ed17c92d757153b5ed670e1-20100710-194853.jpg]
[failing-to-parachute-in-a-good-way.html]
[tag_parachuting.html]
[images/1/d/1/c/9/1d1c94625b17eab8ee78ef6c92bc62b814789ec0-20100710-194910.jpg]
[images/a/0/a/a/4/a0aa40d8f205c63e8c283255019f6b8e18929eb9-20091108-155737.jpg]
[images/9/9/7/5/5/99755bfb3d1cf0ec7576d99ec98a18b416440cab-20100418-192157.jpg]
[bye-bye-cbr-hello-848.html]
[images/d/f/7/5/b/df75bde9521f2111ed55869abf111fbba0e25b75-20100417-194237.jpg]
[user/plugins/markdown-notices/assets/notices.css]
[user/plugins/form/assets/form-styles.css]
[user/plugins/login/css/login.css]
[user/themes/myblog/css/bricklayer.css]
[user/themes/myblog/css-compiled/spectre.min.css]
[user/themes/myblog/js/jquery.treemenu.js]
[user/themes/myblog/js/site.js]
[user/themes/myblog/css-compiled/theme.min.css]
[user/themes/myblog/css/custom.css]
[user/themes/myblog/fonts/line-awesomed41d.eot]
[user/themes/myblog/fonts/line-awesome3e6e.woff2]
[user/themes/myblog/fonts/line-awesome3e6e.ttf]
[user/themes/myblog/css/line-awesome.min.css]
[tag_skiing.html]
[tag_skiing.html]
[kayak-sailing-burnham-on-crouch.html]
[kayak-sailing-burnham-on-crouch.html]
[sailing-in-corfu.html]
[sailing-in-corfu.html]
[improved-docker-interface.html]
[improved-docker-interface.html]
[kayak-sailing-isle-of-wight.html]
[kayak-sailing-isle-of-wight.html]
[custom-router-firmware.html]
[custom-router-firmware.html]
[user/themes/myblog/fonts/line-awesome3e6e.eot]
[user/themes/myblog/fonts/line-awesome3e6e.woff]
[kayaking-royal-docks.html]
[kayaking-royal-docks.html]
[tag_datascience.html]
[tag_datascience.html]
[motorcycle-tour-scotland.html]
[motorcycle-tour-scotland.html]
[converting-the-mountain-bike-to-slicks.html]
[converting-the-mountain-bike-to-slicks.html]
[failing-to-parachute-in-a-good-way.html]
[failing-to-parachute-in-a-good-way.html]
[tag_parachuting.html]
[tag_parachuting.html]
[user/themes/myblog/fonts/line-awesome3e6e.svg]
[user/themes/myblog/fonts/line-awesomed41d.html]
[user/themes/myblog/fonts/line-awesome3e6e.html]
[user/themes/myblog/fonts/line-awesome3e6e-2.html]
